<?xml version="1.0" encoding="UTF-8"?>
<!-- Generated by org.testng.reporters.JUnitXMLReporter -->
<testsuite hostname="HP-PC" ignored="0" name="Default test" tests="1" failures="1" timestamp="09 Apr 2017 10:17:36 GMT" time="6.795" errors="0">
  <testcase name="mainmethod" time="6.765" classname="utilities.HTMLtoPDF">
    <failure type="org.allcolor.yahp.converter.IHtmlToPdfTransformer$CConvertException" message="ERROR: An unhandled exception occured: org.xhtmlrenderer.render.BlockBox cannot be cast to org.xhtmlrenderer.newtable.TableBox">
      <![CDATA[org.allcolor.yahp.converter.IHtmlToPdfTransformer$CConvertException: ERROR: An unhandled exception occured: org.xhtmlrenderer.render.BlockBox cannot be cast to org.xhtmlrenderer.newtable.TableBox
	at org.allcolor.yahp.cl.converter.CHtmlToPdfFlyingSaucerTransformer.transform(CHtmlToPdfFlyingSaucerTransformer.java:791)
	at org.allcolor.yahp.converter.CYaHPConverter.convertToPdf(CYaHPConverter.java:247)
	at utilities.HTMLtoPDF.htmlToPdfFile(HTMLtoPDF.java:38)
	at utilities.HTMLtoPDF.mainmethod(HTMLtoPDF.java:21)
	at sun.reflect.NativeMethodAccessorImpl.invoke0(Native Method)
	at sun.reflect.NativeMethodAccessorImpl.invoke(Unknown Source)
	at sun.reflect.DelegatingMethodAccessorImpl.invoke(Unknown Source)
	at java.lang.reflect.Method.invoke(Unknown Source)
	at org.testng.internal.MethodInvocationHelper.invokeMethod(MethodInvocationHelper.java:108)
	at org.testng.internal.Invoker.invokeMethod(Invoker.java:661)
	at org.testng.internal.Invoker.invokeTestMethod(Invoker.java:869)
	at org.testng.internal.Invoker.invokeTestMethods(Invoker.java:1193)
	at org.testng.internal.TestMethodWorker.invokeTestMethods(TestMethodWorker.java:126)
	at org.testng.internal.TestMethodWorker.run(TestMethodWorker.java:109)
	at org.testng.TestRunner.privateRun(TestRunner.java:744)
	at org.testng.TestRunner.run(TestRunner.java:602)
	at org.testng.SuiteRunner.runTest(SuiteRunner.java:380)
	at org.testng.SuiteRunner.runSequentially(SuiteRunner.java:375)
	at org.testng.SuiteRunner.privateRun(SuiteRunner.java:340)
	at org.testng.SuiteRunner.run(SuiteRunner.java:289)
	at org.testng.SuiteRunnerWorker.runSuite(SuiteRunnerWorker.java:52)
	at org.testng.SuiteRunnerWorker.run(SuiteRunnerWorker.java:86)
	at org.testng.TestNG.runSuitesSequentially(TestNG.java:1301)
	at org.testng.TestNG.runSuitesLocally(TestNG.java:1226)
	at org.testng.TestNG.runSuites(TestNG.java:1144)
	at org.testng.TestNG.run(TestNG.java:1115)
	at org.testng.remote.AbstractRemoteTestNG.run(AbstractRemoteTestNG.java:132)
	at org.testng.remote.RemoteTestNG.initAndRun(RemoteTestNG.java:230)
	at org.testng.remote.RemoteTestNG.main(RemoteTestNG.java:76)
Caused by: java.lang.ClassCastException: org.xhtmlrenderer.render.BlockBox cannot be cast to org.xhtmlrenderer.newtable.TableBox
	at org.xhtmlrenderer.layout.BoxCollector.collect(BoxCollector.java:127)
	at org.xhtmlrenderer.layout.BoxCollector.collect(BoxCollector.java:139)
	at org.xhtmlrenderer.layout.BoxCollector.collect(BoxCollector.java:139)
	at org.xhtmlrenderer.layout.BoxCollector.collect(BoxCollector.java:139)
	at org.xhtmlrenderer.layout.BoxCollector.collect(BoxCollector.java:139)
	at org.xhtmlrenderer.layout.BoxCollector.collect(BoxCollector.java:46)
	at org.xhtmlrenderer.layout.Layer.paint(Layer.java:314)
	at org.xhtmlrenderer.pdf.ITextRenderer.paintPage(ITextRenderer.java:305)
	at org.xhtmlrenderer.pdf.ITextRenderer.writePDF(ITextRenderer.java:271)
	at org.xhtmlrenderer.pdf.ITextRenderer.createPDF(ITextRenderer.java:250)
	at org.allcolor.yahp.cl.converter.CHtmlToPdfFlyingSaucerTransformer.transform(CHtmlToPdfFlyingSaucerTransformer.java:772)
	... 28 more
]]>
    </failure>
  </testcase> <!-- mainmethod -->
</testsuite> <!-- Default test -->
