<?xml version="1.0" encoding="UTF-8"?>
<testng-results skipped="0" failed="1" ignored="0" total="1" passed="0">
  <reporter-output>
  </reporter-output>
  <suite name="Default suite" duration-ms="6795" started-at="2017-04-09T10:17:29Z" finished-at="2017-04-09T10:17:36Z">
    <groups>
    </groups>
    <test name="Default test" duration-ms="6795" started-at="2017-04-09T10:17:29Z" finished-at="2017-04-09T10:17:36Z">
      <class name="utilities.HTMLtoPDF">
        <test-method status="FAIL" signature="mainmethod()[pri:0, instance:utilities.HTMLtoPDF@55d56113]" name="mainmethod" duration-ms="6765" started-at="2017-04-09T15:47:29Z" finished-at="2017-04-09T15:47:36Z">
          <exception class="org.allcolor.yahp.converter.IHtmlToPdfTransformer$CConvertException">
            <message>
              <![CDATA[ERROR: An unhandled exception occured: org.xhtmlrenderer.render.BlockBox cannot be cast to org.xhtmlrenderer.newtable.TableBox]]>
            </message>
            <full-stacktrace>
              <![CDATA[org.allcolor.yahp.converter.IHtmlToPdfTransformer$CConvertException: ERROR: An unhandled exception occured: org.xhtmlrenderer.render.BlockBox cannot be cast to org.xhtmlrenderer.newtable.TableBox
	at org.allcolor.yahp.cl.converter.CHtmlToPdfFlyingSaucerTransformer.transform(CHtmlToPdfFlyingSaucerTransformer.java:791)
	at org.allcolor.yahp.converter.CYaHPConverter.convertToPdf(CYaHPConverter.java:247)
	at utilities.HTMLtoPDF.htmlToPdfFile(HTMLtoPDF.java:38)
	at utilities.HTMLtoPDF.mainmethod(HTMLtoPDF.java:21)
	at sun.reflect.NativeMethodAccessorImpl.invoke0(Native Method)
	at sun.reflect.NativeMethodAccessorImpl.invoke(Unknown Source)
	at sun.reflect.DelegatingMethodAccessorImpl.invoke(Unknown Source)
	at java.lang.reflect.Method.invoke(Unknown Source)
	at org.testng.internal.MethodInvocationHelper.invokeMethod(MethodInvocationHelper.java:108)
	at org.testng.internal.Invoker.invokeMethod(Invoker.java:661)
	at org.testng.internal.Invoker.invokeTestMethod(Invoker.java:869)
	at org.testng.internal.Invoker.invokeTestMethods(Invoker.java:1193)
	at org.testng.internal.TestMethodWorker.invokeTestMethods(TestMethodWorker.java:126)
	at org.testng.internal.TestMethodWorker.run(TestMethodWorker.java:109)
	at org.testng.TestRunner.privateRun(TestRunner.java:744)
	at org.testng.TestRunner.run(TestRunner.java:602)
	at org.testng.SuiteRunner.runTest(SuiteRunner.java:380)
	at org.testng.SuiteRunner.runSequentially(SuiteRunner.java:375)
	at org.testng.SuiteRunner.privateRun(SuiteRunner.java:340)
	at org.testng.SuiteRunner.run(SuiteRunner.java:289)
	at org.testng.SuiteRunnerWorker.runSuite(SuiteRunnerWorker.java:52)
	at org.testng.SuiteRunnerWorker.run(SuiteRunnerWorker.java:86)
	at org.testng.TestNG.runSuitesSequentially(TestNG.java:1301)
	at org.testng.TestNG.runSuitesLocally(TestNG.java:1226)
	at org.testng.TestNG.runSuites(TestNG.java:1144)
	at org.testng.TestNG.run(TestNG.java:1115)
	at org.testng.remote.AbstractRemoteTestNG.run(AbstractRemoteTestNG.java:132)
	at org.testng.remote.RemoteTestNG.initAndRun(RemoteTestNG.java:230)
	at org.testng.remote.RemoteTestNG.main(RemoteTestNG.java:76)
Caused by: java.lang.ClassCastException: org.xhtmlrenderer.render.BlockBox cannot be cast to org.xhtmlrenderer.newtable.TableBox
	at org.xhtmlrenderer.layout.BoxCollector.collect(BoxCollector.java:127)
	at org.xhtmlrenderer.layout.BoxCollector.collect(BoxCollector.java:139)
	at org.xhtmlrenderer.layout.BoxCollector.collect(BoxCollector.java:139)
	at org.xhtmlrenderer.layout.BoxCollector.collect(BoxCollector.java:139)
	at org.xhtmlrenderer.layout.BoxCollector.collect(BoxCollector.java:139)
	at org.xhtmlrenderer.layout.BoxCollector.collect(BoxCollector.java:46)
	at org.xhtmlrenderer.layout.Layer.paint(Layer.java:314)
	at org.xhtmlrenderer.pdf.ITextRenderer.paintPage(ITextRenderer.java:305)
	at org.xhtmlrenderer.pdf.ITextRenderer.writePDF(ITextRenderer.java:271)
	at org.xhtmlrenderer.pdf.ITextRenderer.createPDF(ITextRenderer.java:250)
	at org.allcolor.yahp.cl.converter.CHtmlToPdfFlyingSaucerTransformer.transform(CHtmlToPdfFlyingSaucerTransformer.java:772)
	... 28 more
]]>
            </full-stacktrace>
          </exception> <!-- org.allcolor.yahp.converter.IHtmlToPdfTransformer$CConvertException -->
          <reporter-output>
          </reporter-output>
        </test-method> <!-- mainmethod -->
      </class> <!-- utilities.HTMLtoPDF -->
    </test> <!-- Default test -->
  </suite> <!-- Default suite -->
</testng-results>
